{"C:\\laragon\\www\\formation-openclassrooms\\Automatisez-les-tests-et-le-release-continus-avec-Docker\\frontend\\src\\App.tsx": {"path":"C:\\laragon\\www\\formation-openclassrooms\\Automatisez-les-tests-et-le-release-continus-avec-Docker\\frontend\\src\\App.tsx","statementMap":{"0":{"start":{"line":5,"column":2},"end":{"line":5,"column":44}}},"fnMap":{"0":{"name":"App","decl":{"start":{"line":4,"column":24},"end":{"line":4,"column":27}},"loc":{"start":{"line":4,"column":30},"end":{"line":6,"column":1}},"line":4}},"branchMap":{},"s":{"0":0},"f":{"0":0},"b":{}}
,"C:\\laragon\\www\\formation-openclassrooms\\Automatisez-les-tests-et-le-release-continus-avec-Docker\\frontend\\src\\router.tsx": {"path":"C:\\laragon\\www\\formation-openclassrooms\\Automatisez-les-tests-et-le-release-continus-avec-Docker\\frontend\\src\\router.tsx","statementMap":{"0":{"start":{"line":6,"column":22},"end":{"line":16,"column":2}}},"fnMap":{},"branchMap":{},"s":{"0":0},"f":{},"b":{}}
,"C:\\laragon\\www\\formation-openclassrooms\\Automatisez-les-tests-et-le-release-continus-avec-Docker\\frontend\\src\\pages\\Home.tsx": {"path":"C:\\laragon\\www\\formation-openclassrooms\\Automatisez-les-tests-et-le-release-continus-avec-Docker\\frontend\\src\\pages\\Home.tsx","statementMap":{"0":{"start":{"line":5,"column":19},"end":{"line":5,"column":50}},"1":{"start":{"line":7,"column":2},"end":{"line":40,"column":4}},"2":{"start":{"line":16,"column":10},"end":{"line":36,"column":16}},"3":{"start":{"line":22,"column":16},"end":{"line":33,"column":22}}},"fnMap":{"0":{"name":"Home","decl":{"start":{"line":4,"column":24},"end":{"line":4,"column":28}},"loc":{"start":{"line":4,"column":31},"end":{"line":41,"column":1}},"line":4},"1":{"name":"(anonymous_1)","decl":{"start":{"line":15,"column":22},"end":{"line":15,"column":23}},"loc":{"start":{"line":16,"column":10},"end":{"line":36,"column":16}},"line":16},"2":{"name":"(anonymous_2)","decl":{"start":{"line":21,"column":42},"end":{"line":21,"column":43}},"loc":{"start":{"line":22,"column":16},"end":{"line":33,"column":22}},"line":22}},"branchMap":{},"s":{"0":2,"1":2,"2":3,"3":1},"f":{"0":2,"1":3,"2":1},"b":{},"_coverageSchema":"1a1c01bbd47fc00a2c39e90264f33305004495a9","hash":"40e49224ee7bb1e5426054d97ca9288e5ebb95c2"}
,"C:\\laragon\\www\\formation-openclassrooms\\Automatisez-les-tests-et-le-release-continus-avec-Docker\\frontend\\src\\pages\\NotFound.tsx": {"path":"C:\\laragon\\www\\formation-openclassrooms\\Automatisez-les-tests-et-le-release-continus-avec-Docker\\frontend\\src\\pages\\NotFound.tsx","statementMap":{"0":{"start":{"line":4,"column":2},"end":{"line":15,"column":4}}},"fnMap":{"0":{"name":"NotFound","decl":{"start":{"line":3,"column":24},"end":{"line":3,"column":32}},"loc":{"start":{"line":3,"column":35},"end":{"line":16,"column":1}},"line":3}},"branchMap":{},"s":{"0":0},"f":{"0":0},"b":{}}
,"C:\\laragon\\www\\formation-openclassrooms\\Automatisez-les-tests-et-le-release-continus-avec-Docker\\frontend\\src\\services\\olympicService.ts": {"path":"C:\\laragon\\www\\formation-openclassrooms\\Automatisez-les-tests-et-le-release-continus-avec-Docker\\frontend\\src\\services\\olympicService.ts","statementMap":{"0":{"start":{"line":3,"column":29},"end":{"line":9,"column":1}},"1":{"start":{"line":4,"column":19},"end":{"line":4,"column":52}},"2":{"start":{"line":5,"column":2},"end":{"line":7,"column":3}},"3":{"start":{"line":6,"column":4},"end":{"line":6,"column":62}},"4":{"start":{"line":8,"column":2},"end":{"line":8,"column":31}},"5":{"start":{"line":11,"column":29},"end":{"line":13,"column":1}},"6":{"start":{"line":12,"column":2},"end":{"line":12,"column":25}}},"fnMap":{"0":{"name":"(anonymous_0)","decl":{"start":{"line":3,"column":29},"end":{"line":3,"column":30}},"loc":{"start":{"line":3,"column":61},"end":{"line":9,"column":1}},"line":3},"1":{"name":"(anonymous_1)","decl":{"start":{"line":11,"column":29},"end":{"line":11,"column":30}},"loc":{"start":{"line":11,"column":61},"end":{"line":13,"column":1}},"line":11}},"branchMap":{"0":{"loc":{"start":{"line":5,"column":2},"end":{"line":7,"column":3}},"type":"if","locations":[{"start":{"line":5,"column":2},"end":{"line":7,"column":3}},{"start":{},"end":{}}],"line":5}},"s":{"0":0,"1":0,"2":0,"3":0,"4":0,"5":0,"6":0},"f":{"0":0,"1":0},"b":{"0":[0,0]}}
}
